<?xml version="1.0" encoding="UTF-8"?>
<!-- Generated by org.testng.reporters.JUnitXMLReporter -->
<testsuite ignored="2" hostname="keshav" failures="0" tests="1" name="Input Forms Test" time="5.893" errors="0" timestamp="29 May 2022 05:14:26 GMT">
  <testcase classname="lambdatest.SeleniumTest" name="@BeforeTest setUp" time="5.819">
    <failure type="org.openqa.selenium.SessionNotCreatedException" message="Could not start a new session. Response code 500. Message: All minutes for this organization has been exhausted
Build info: version: &amp;apos;4.1.1&amp;apos;, revision: &amp;apos;e8fcc2cecf&amp;apos;
System info: host: &amp;apos;keshav&amp;apos;, ip: &amp;apos;127.0.1.1&amp;apos;, os.name: &amp;apos;Linux&amp;apos;, os.arch: &amp;apos;amd64&amp;apos;, os.version: &amp;apos;5.15.0-30-generic&amp;apos;, java.version: &amp;apos;17.0.2&amp;apos;
Driver info: org.openqa.selenium.remote.RemoteWebDriver
Command: [null, newSession {capabilities=[Capabilities {browserName: Firefox, platformName: vista}], desiredCapabilities=Capabilities {browserName: Firefox, build: First Test, console: true, name: Sample Test, network: true, platform: VISTA, resolution: 1024x768, version: 82.0, video: true, visual: true}}]
Capabilities {}">
      <![CDATA[org.openqa.selenium.SessionNotCreatedException: Could not start a new session. Response code 500. Message: All minutes for this organization has been exhausted
Build info: version: '4.1.1', revision: 'e8fcc2cecf'
System info: host: 'keshav', ip: '127.0.1.1', os.name: 'Linux', os.arch: 'amd64', os.version: '5.15.0-30-generic', java.version: '17.0.2'
Driver info: org.openqa.selenium.remote.RemoteWebDriver
Command: [null, newSession {capabilities=[Capabilities {browserName: Firefox, platformName: vista}], desiredCapabilities=Capabilities {browserName: Firefox, build: First Test, console: true, name: Sample Test, network: true, platform: VISTA, resolution: 1024x768, version: 82.0, video: true, visual: true}}]
Capabilities {}
at org.openqa.selenium.remote.ProtocolHandshake.createSession(ProtocolHandshake.java:126)
at org.openqa.selenium.remote.ProtocolHandshake.createSession(ProtocolHandshake.java:84)
at org.openqa.selenium.remote.ProtocolHandshake.createSession(ProtocolHandshake.java:62)
at org.openqa.selenium.remote.HttpCommandExecutor.execute(HttpCommandExecutor.java:156)
at org.openqa.selenium.remote.TracedCommandExecutor.execute(TracedCommandExecutor.java:51)
at org.openqa.selenium.remote.RemoteWebDriver.execute(RemoteWebDriver.java:543)
at org.openqa.selenium.remote.RemoteWebDriver.startSession(RemoteWebDriver.java:230)
at org.openqa.selenium.remote.RemoteWebDriver.<init>(RemoteWebDriver.java:151)
at org.openqa.selenium.remote.RemoteWebDriver.<init>(RemoteWebDriver.java:138)
at lambdatest.SeleniumTest.setUp(SeleniumTest.java:45)
... Removed 29 stack frames]]>
    </failure>
  </testcase> <!-- @BeforeTest setUp -->
  <testcase classname="lambdatest.SeleniumTest" name="@AfterTest tearDown" time="0.0">
    <skipped/>
  </testcase> <!-- @AfterTest tearDown -->
  <testcase classname="lambdatest.SeleniumTest" name="inputFormsDemo" time="0.0">
    <skipped/>
  </testcase> <!-- inputFormsDemo -->
  <testcase classname="lambdatest.SeleniumTest" name="sliderDemo" time="0.0">
    <ignored/>
  </testcase> <!-- sliderDemo -->
  <testcase classname="lambdatest.SeleniumTest" name="simpleFormsDemo" time="0.0">
    <ignored/>
  </testcase> <!-- simpleFormsDemo -->
</testsuite> <!-- Input Forms Test -->
